<?xml version="1.0" encoding="UTF-8"?>
<testng-results skipped="0" failed="3" ignored="0" total="24" passed="21">
  <reporter-output>
  </reporter-output>
  <suite name="Suite" duration-ms="134477" started-at="2020-08-11T14:53:27 IST" finished-at="2020-08-11T14:55:42 IST">
    <groups>
    </groups>
    <test name="firefoxTest" duration-ms="25682" started-at="2020-08-11T14:53:27 IST" finished-at="2020-08-11T14:53:53 IST">
      <class name="VizTest.FirstTest">
        <test-method status="PASS" signature="openBrowser(java.lang.String)[pri:0, instance:VizTest.FirstTest@7f416310]" name="openBrowser" is-config="true" duration-ms="11466" started-at="2020-08-11T14:53:27 IST" finished-at="2020-08-11T14:53:39 IST">
          <params>
            <param index="0">
              <value>
                <![CDATA[firefox]]>
              </value>
            </param>
          </params>
          <reporter-output>
          </reporter-output>
        </test-method> <!-- openBrowser -->
        <test-method status="PASS" signature="checkUrl()[pri:0, instance:VizTest.FirstTest@7f416310]" name="checkUrl" duration-ms="29" started-at="2020-08-11T14:53:39 IST" finished-at="2020-08-11T14:53:39 IST">
          <reporter-output>
          </reporter-output>
        </test-method> <!-- checkUrl -->
        <test-method status="PASS" signature="clientLogin()[pri:1, instance:VizTest.FirstTest@7f416310]" name="clientLogin" duration-ms="6266" started-at="2020-08-11T14:53:39 IST" finished-at="2020-08-11T14:53:45 IST">
          <reporter-output>
          </reporter-output>
        </test-method> <!-- clientLogin -->
        <test-method status="PASS" signature="clickViz()[pri:2, instance:VizTest.FirstTest@7f416310]" name="clickViz" duration-ms="286" started-at="2020-08-11T14:53:45 IST" finished-at="2020-08-11T14:53:45 IST">
          <reporter-output>
          </reporter-output>
        </test-method> <!-- clickViz -->
        <test-method status="PASS" signature="userProfile()[pri:3, instance:VizTest.FirstTest@7f416310]" name="userProfile" duration-ms="739" started-at="2020-08-11T14:53:45 IST" finished-at="2020-08-11T14:53:46 IST">
          <reporter-output>
          </reporter-output>
        </test-method> <!-- userProfile -->
        <test-method status="PASS" signature="editUser()[pri:4, instance:VizTest.FirstTest@7f416310]" name="editUser" duration-ms="6148" started-at="2020-08-11T14:53:46 IST" finished-at="2020-08-11T14:53:52 IST">
          <reporter-output>
          </reporter-output>
        </test-method> <!-- editUser -->
        <test-method status="PASS" signature="logoutUser()[pri:5, instance:VizTest.FirstTest@7f416310]" name="logoutUser" duration-ms="697" started-at="2020-08-11T14:53:52 IST" finished-at="2020-08-11T14:53:53 IST">
          <reporter-output>
          </reporter-output>
        </test-method> <!-- logoutUser -->
        <test-method status="PASS" signature="closeBrowser()[pri:0, instance:VizTest.FirstTest@7f416310]" name="closeBrowser" is-config="true" duration-ms="0" started-at="2020-08-11T14:53:53 IST" finished-at="2020-08-11T14:53:53 IST">
          <reporter-output>
          </reporter-output>
        </test-method> <!-- closeBrowser -->
      </class> <!-- VizTest.FirstTest -->
    </test> <!-- firefoxTest -->
    <test name="chromeTest" duration-ms="26903" started-at="2020-08-11T14:53:53 IST" finished-at="2020-08-11T14:54:20 IST">
      <class name="VizTest.FirstTest">
        <test-method status="PASS" signature="openBrowser(java.lang.String)[pri:0, instance:VizTest.FirstTest@32cf48b7]" name="openBrowser" is-config="true" duration-ms="14160" started-at="2020-08-11T14:53:53 IST" finished-at="2020-08-11T14:54:07 IST">
          <params>
            <param index="0">
              <value>
                <![CDATA[chrome]]>
              </value>
            </param>
          </params>
          <reporter-output>
          </reporter-output>
        </test-method> <!-- openBrowser -->
        <test-method status="PASS" signature="checkUrl()[pri:0, instance:VizTest.FirstTest@32cf48b7]" name="checkUrl" duration-ms="26" started-at="2020-08-11T14:54:07 IST" finished-at="2020-08-11T14:54:07 IST">
          <reporter-output>
          </reporter-output>
        </test-method> <!-- checkUrl -->
        <test-method status="PASS" signature="clientLogin()[pri:1, instance:VizTest.FirstTest@32cf48b7]" name="clientLogin" duration-ms="7956" started-at="2020-08-11T14:54:07 IST" finished-at="2020-08-11T14:54:15 IST">
          <reporter-output>
          </reporter-output>
        </test-method> <!-- clientLogin -->
        <test-method status="PASS" signature="clickViz()[pri:2, instance:VizTest.FirstTest@32cf48b7]" name="clickViz" duration-ms="115" started-at="2020-08-11T14:54:15 IST" finished-at="2020-08-11T14:54:15 IST">
          <reporter-output>
          </reporter-output>
        </test-method> <!-- clickViz -->
        <test-method status="PASS" signature="userProfile()[pri:3, instance:VizTest.FirstTest@32cf48b7]" name="userProfile" duration-ms="933" started-at="2020-08-11T14:54:15 IST" finished-at="2020-08-11T14:54:16 IST">
          <reporter-output>
          </reporter-output>
        </test-method> <!-- userProfile -->
        <test-method status="FAIL" signature="editUser()[pri:4, instance:VizTest.FirstTest@32cf48b7]" name="editUser" duration-ms="3296" started-at="2020-08-11T14:54:16 IST" finished-at="2020-08-11T14:54:19 IST">
          <exception class="java.lang.AssertionError">
            <message>
              <![CDATA[expected [Jon] but found [JonJon]]]>
            </message>
            <full-stacktrace>
              <![CDATA[java.lang.AssertionError: expected [Jon] but found [JonJon]
at org.testng.Assert.fail(Assert.java:97)
at org.testng.Assert.assertEqualsImpl(Assert.java:136)
at org.testng.Assert.assertEquals(Assert.java:118)
at org.testng.Assert.assertEquals(Assert.java:575)
at org.testng.Assert.assertEquals(Assert.java:585)
at VizTest.FirstTest.editUser(FirstTest.java:162)
at sun.reflect.NativeMethodAccessorImpl.invoke0(Native Method)
at sun.reflect.NativeMethodAccessorImpl.invoke(Unknown Source)
at sun.reflect.DelegatingMethodAccessorImpl.invoke(Unknown Source)
at java.lang.reflect.Method.invoke(Unknown Source)
at org.testng.internal.MethodInvocationHelper.invokeMethod(MethodInvocationHelper.java:135)
at org.testng.internal.TestInvoker.invokeMethod(TestInvoker.java:598)
at org.testng.internal.TestInvoker.invokeTestMethod(TestInvoker.java:174)
at org.testng.internal.MethodRunner.runInSequence(MethodRunner.java:46)
at org.testng.internal.TestInvoker$MethodInvocationAgent.invoke(TestInvoker.java:821)
at org.testng.internal.TestInvoker.invokeTestMethods(TestInvoker.java:147)
at org.testng.internal.TestMethodWorker.invokeTestMethods(TestMethodWorker.java:146)
at org.testng.internal.TestMethodWorker.run(TestMethodWorker.java:128)
at java.util.ArrayList.forEach(Unknown Source)
at org.testng.TestRunner.privateRun(TestRunner.java:767)
at org.testng.TestRunner.run(TestRunner.java:588)
at org.testng.SuiteRunner.runTest(SuiteRunner.java:384)
at org.testng.SuiteRunner.runSequentially(SuiteRunner.java:378)
at org.testng.SuiteRunner.privateRun(SuiteRunner.java:337)
at org.testng.SuiteRunner.run(SuiteRunner.java:286)
at org.testng.SuiteRunnerWorker.runSuite(SuiteRunnerWorker.java:53)
at org.testng.SuiteRunnerWorker.run(SuiteRunnerWorker.java:96)
at org.testng.TestNG.runSuitesSequentially(TestNG.java:1214)
at org.testng.TestNG.runSuitesLocally(TestNG.java:1136)
at org.testng.TestNG.runSuites(TestNG.java:1066)
at org.testng.TestNG.run(TestNG.java:1034)
at org.testng.remote.AbstractRemoteTestNG.run(AbstractRemoteTestNG.java:115)
at org.testng.remote.RemoteTestNG.initAndRun(RemoteTestNG.java:251)
at org.testng.remote.RemoteTestNG.main(RemoteTestNG.java:77)
]]>
            </full-stacktrace>
          </exception> <!-- java.lang.AssertionError -->
          <reporter-output>
          </reporter-output>
        </test-method> <!-- editUser -->
        <test-method status="PASS" signature="logoutUser()[pri:5, instance:VizTest.FirstTest@32cf48b7]" name="logoutUser" duration-ms="397" started-at="2020-08-11T14:54:19 IST" finished-at="2020-08-11T14:54:20 IST">
          <reporter-output>
          </reporter-output>
        </test-method> <!-- logoutUser -->
        <test-method status="PASS" signature="closeBrowser()[pri:0, instance:VizTest.FirstTest@32cf48b7]" name="closeBrowser" is-config="true" duration-ms="1" started-at="2020-08-11T14:54:20 IST" finished-at="2020-08-11T14:54:20 IST">
          <reporter-output>
          </reporter-output>
        </test-method> <!-- closeBrowser -->
      </class> <!-- VizTest.FirstTest -->
    </test> <!-- chromeTest -->
    <test name="operaTest" duration-ms="47156" started-at="2020-08-11T14:54:20 IST" finished-at="2020-08-11T14:55:07 IST">
      <class name="VizTest.FirstTest">
        <test-method status="PASS" signature="openBrowser(java.lang.String)[pri:0, instance:VizTest.FirstTest@290dbf45]" name="openBrowser" is-config="true" duration-ms="29043" started-at="2020-08-11T14:54:20 IST" finished-at="2020-08-11T14:54:49 IST">
          <params>
            <param index="0">
              <value>
                <![CDATA[opera]]>
              </value>
            </param>
          </params>
          <reporter-output>
          </reporter-output>
        </test-method> <!-- openBrowser -->
        <test-method status="PASS" signature="checkUrl()[pri:0, instance:VizTest.FirstTest@290dbf45]" name="checkUrl" duration-ms="13" started-at="2020-08-11T14:54:49 IST" finished-at="2020-08-11T14:54:49 IST">
          <reporter-output>
          </reporter-output>
        </test-method> <!-- checkUrl -->
        <test-method status="PASS" signature="clientLogin()[pri:1, instance:VizTest.FirstTest@290dbf45]" name="clientLogin" duration-ms="12666" started-at="2020-08-11T14:54:49 IST" finished-at="2020-08-11T14:55:02 IST">
          <reporter-output>
          </reporter-output>
        </test-method> <!-- clientLogin -->
        <test-method status="PASS" signature="clickViz()[pri:2, instance:VizTest.FirstTest@290dbf45]" name="clickViz" duration-ms="113" started-at="2020-08-11T14:55:02 IST" finished-at="2020-08-11T14:55:02 IST">
          <reporter-output>
          </reporter-output>
        </test-method> <!-- clickViz -->
        <test-method status="PASS" signature="userProfile()[pri:3, instance:VizTest.FirstTest@290dbf45]" name="userProfile" duration-ms="1333" started-at="2020-08-11T14:55:02 IST" finished-at="2020-08-11T14:55:03 IST">
          <reporter-output>
          </reporter-output>
        </test-method> <!-- userProfile -->
        <test-method status="FAIL" signature="editUser()[pri:4, instance:VizTest.FirstTest@290dbf45]" name="editUser" duration-ms="3593" started-at="2020-08-11T14:55:03 IST" finished-at="2020-08-11T14:55:07 IST">
          <exception class="java.lang.AssertionError">
            <message>
              <![CDATA[expected [Jon] but found [JonJonJon]]]>
            </message>
            <full-stacktrace>
              <![CDATA[java.lang.AssertionError: expected [Jon] but found [JonJonJon]
at org.testng.Assert.fail(Assert.java:97)
at org.testng.Assert.assertEqualsImpl(Assert.java:136)
at org.testng.Assert.assertEquals(Assert.java:118)
at org.testng.Assert.assertEquals(Assert.java:575)
at org.testng.Assert.assertEquals(Assert.java:585)
at VizTest.FirstTest.editUser(FirstTest.java:162)
at sun.reflect.NativeMethodAccessorImpl.invoke0(Native Method)
at sun.reflect.NativeMethodAccessorImpl.invoke(Unknown Source)
at sun.reflect.DelegatingMethodAccessorImpl.invoke(Unknown Source)
at java.lang.reflect.Method.invoke(Unknown Source)
at org.testng.internal.MethodInvocationHelper.invokeMethod(MethodInvocationHelper.java:135)
at org.testng.internal.TestInvoker.invokeMethod(TestInvoker.java:598)
at org.testng.internal.TestInvoker.invokeTestMethod(TestInvoker.java:174)
at org.testng.internal.MethodRunner.runInSequence(MethodRunner.java:46)
at org.testng.internal.TestInvoker$MethodInvocationAgent.invoke(TestInvoker.java:821)
at org.testng.internal.TestInvoker.invokeTestMethods(TestInvoker.java:147)
at org.testng.internal.TestMethodWorker.invokeTestMethods(TestMethodWorker.java:146)
at org.testng.internal.TestMethodWorker.run(TestMethodWorker.java:128)
at java.util.ArrayList.forEach(Unknown Source)
at org.testng.TestRunner.privateRun(TestRunner.java:767)
at org.testng.TestRunner.run(TestRunner.java:588)
at org.testng.SuiteRunner.runTest(SuiteRunner.java:384)
at org.testng.SuiteRunner.runSequentially(SuiteRunner.java:378)
at org.testng.SuiteRunner.privateRun(SuiteRunner.java:337)
at org.testng.SuiteRunner.run(SuiteRunner.java:286)
at org.testng.SuiteRunnerWorker.runSuite(SuiteRunnerWorker.java:53)
at org.testng.SuiteRunnerWorker.run(SuiteRunnerWorker.java:96)
at org.testng.TestNG.runSuitesSequentially(TestNG.java:1214)
at org.testng.TestNG.runSuitesLocally(TestNG.java:1136)
at org.testng.TestNG.runSuites(TestNG.java:1066)
at org.testng.TestNG.run(TestNG.java:1034)
at org.testng.remote.AbstractRemoteTestNG.run(AbstractRemoteTestNG.java:115)
at org.testng.remote.RemoteTestNG.initAndRun(RemoteTestNG.java:251)
at org.testng.remote.RemoteTestNG.main(RemoteTestNG.java:77)
]]>
            </full-stacktrace>
          </exception> <!-- java.lang.AssertionError -->
          <reporter-output>
          </reporter-output>
        </test-method> <!-- editUser -->
        <test-method status="PASS" signature="logoutUser()[pri:5, instance:VizTest.FirstTest@290dbf45]" name="logoutUser" duration-ms="379" started-at="2020-08-11T14:55:07 IST" finished-at="2020-08-11T14:55:07 IST">
          <reporter-output>
          </reporter-output>
        </test-method> <!-- logoutUser -->
        <test-method status="PASS" signature="closeBrowser()[pri:0, instance:VizTest.FirstTest@290dbf45]" name="closeBrowser" is-config="true" duration-ms="0" started-at="2020-08-11T14:55:07 IST" finished-at="2020-08-11T14:55:07 IST">
          <reporter-output>
          </reporter-output>
        </test-method> <!-- closeBrowser -->
      </class> <!-- VizTest.FirstTest -->
    </test> <!-- operaTest -->
    <test name="edgeTest" duration-ms="34629" started-at="2020-08-11T14:55:07 IST" finished-at="2020-08-11T14:55:42 IST">
      <class name="VizTest.FirstTest">
        <test-method status="PASS" signature="openBrowser(java.lang.String)[pri:0, instance:VizTest.FirstTest@70beb599]" name="openBrowser" is-config="true" duration-ms="22543" started-at="2020-08-11T14:55:07 IST" finished-at="2020-08-11T14:55:30 IST">
          <params>
            <param index="0">
              <value>
                <![CDATA[edge]]>
              </value>
            </param>
          </params>
          <reporter-output>
          </reporter-output>
        </test-method> <!-- openBrowser -->
        <test-method status="PASS" signature="checkUrl()[pri:0, instance:VizTest.FirstTest@70beb599]" name="checkUrl" duration-ms="18" started-at="2020-08-11T14:55:30 IST" finished-at="2020-08-11T14:55:30 IST">
          <reporter-output>
          </reporter-output>
        </test-method> <!-- checkUrl -->
        <test-method status="PASS" signature="clientLogin()[pri:1, instance:VizTest.FirstTest@70beb599]" name="clientLogin" duration-ms="7691" started-at="2020-08-11T14:55:30 IST" finished-at="2020-08-11T14:55:37 IST">
          <reporter-output>
          </reporter-output>
        </test-method> <!-- clientLogin -->
        <test-method status="PASS" signature="clickViz()[pri:2, instance:VizTest.FirstTest@70beb599]" name="clickViz" duration-ms="126" started-at="2020-08-11T14:55:37 IST" finished-at="2020-08-11T14:55:37 IST">
          <reporter-output>
          </reporter-output>
        </test-method> <!-- clickViz -->
        <test-method status="PASS" signature="userProfile()[pri:3, instance:VizTest.FirstTest@70beb599]" name="userProfile" duration-ms="789" started-at="2020-08-11T14:55:37 IST" finished-at="2020-08-11T14:55:38 IST">
          <reporter-output>
          </reporter-output>
        </test-method> <!-- userProfile -->
        <test-method status="FAIL" signature="editUser()[pri:4, instance:VizTest.FirstTest@70beb599]" name="editUser" duration-ms="3076" started-at="2020-08-11T14:55:38 IST" finished-at="2020-08-11T14:55:41 IST">
          <exception class="java.lang.AssertionError">
            <message>
              <![CDATA[expected [Jon] but found [JonJonJonJon]]]>
            </message>
            <full-stacktrace>
              <![CDATA[java.lang.AssertionError: expected [Jon] but found [JonJonJonJon]
at org.testng.Assert.fail(Assert.java:97)
at org.testng.Assert.assertEqualsImpl(Assert.java:136)
at org.testng.Assert.assertEquals(Assert.java:118)
at org.testng.Assert.assertEquals(Assert.java:575)
at org.testng.Assert.assertEquals(Assert.java:585)
at VizTest.FirstTest.editUser(FirstTest.java:162)
at sun.reflect.NativeMethodAccessorImpl.invoke0(Native Method)
at sun.reflect.NativeMethodAccessorImpl.invoke(Unknown Source)
at sun.reflect.DelegatingMethodAccessorImpl.invoke(Unknown Source)
at java.lang.reflect.Method.invoke(Unknown Source)
at org.testng.internal.MethodInvocationHelper.invokeMethod(MethodInvocationHelper.java:135)
at org.testng.internal.TestInvoker.invokeMethod(TestInvoker.java:598)
at org.testng.internal.TestInvoker.invokeTestMethod(TestInvoker.java:174)
at org.testng.internal.MethodRunner.runInSequence(MethodRunner.java:46)
at org.testng.internal.TestInvoker$MethodInvocationAgent.invoke(TestInvoker.java:821)
at org.testng.internal.TestInvoker.invokeTestMethods(TestInvoker.java:147)
at org.testng.internal.TestMethodWorker.invokeTestMethods(TestMethodWorker.java:146)
at org.testng.internal.TestMethodWorker.run(TestMethodWorker.java:128)
at java.util.ArrayList.forEach(Unknown Source)
at org.testng.TestRunner.privateRun(TestRunner.java:767)
at org.testng.TestRunner.run(TestRunner.java:588)
at org.testng.SuiteRunner.runTest(SuiteRunner.java:384)
at org.testng.SuiteRunner.runSequentially(SuiteRunner.java:378)
at org.testng.SuiteRunner.privateRun(SuiteRunner.java:337)
at org.testng.SuiteRunner.run(SuiteRunner.java:286)
at org.testng.SuiteRunnerWorker.runSuite(SuiteRunnerWorker.java:53)
at org.testng.SuiteRunnerWorker.run(SuiteRunnerWorker.java:96)
at org.testng.TestNG.runSuitesSequentially(TestNG.java:1214)
at org.testng.TestNG.runSuitesLocally(TestNG.java:1136)
at org.testng.TestNG.runSuites(TestNG.java:1066)
at org.testng.TestNG.run(TestNG.java:1034)
at org.testng.remote.AbstractRemoteTestNG.run(AbstractRemoteTestNG.java:115)
at org.testng.remote.RemoteTestNG.initAndRun(RemoteTestNG.java:251)
at org.testng.remote.RemoteTestNG.main(RemoteTestNG.java:77)
]]>
            </full-stacktrace>
          </exception> <!-- java.lang.AssertionError -->
          <reporter-output>
          </reporter-output>
        </test-method> <!-- editUser -->
        <test-method status="PASS" signature="logoutUser()[pri:5, instance:VizTest.FirstTest@70beb599]" name="logoutUser" duration-ms="369" started-at="2020-08-11T14:55:41 IST" finished-at="2020-08-11T14:55:42 IST">
          <reporter-output>
          </reporter-output>
        </test-method> <!-- logoutUser -->
        <test-method status="PASS" signature="closeBrowser()[pri:0, instance:VizTest.FirstTest@70beb599]" name="closeBrowser" is-config="true" duration-ms="0" started-at="2020-08-11T14:55:42 IST" finished-at="2020-08-11T14:55:42 IST">
          <reporter-output>
          </reporter-output>
        </test-method> <!-- closeBrowser -->
      </class> <!-- VizTest.FirstTest -->
    </test> <!-- edgeTest -->
  </suite> <!-- Suite -->
</testng-results>
