<?xml version="1.0" encoding="UTF-8"?>
<!-- Generated by org.testng.reporters.JUnitXMLReporter -->
<testsuite hostname="DESKTOP-PFPCE4U" ignored="0" name="chromeTest" tests="6" failures="1" timestamp="2020-08-11T14:54:20 IST" time="26.903" errors="0">
  <testcase name="checkUrl" time="0.026" classname="VizTest.FirstTest"/>
  <testcase name="clientLogin" time="7.956" classname="VizTest.FirstTest"/>
  <testcase name="clickViz" time="0.115" classname="VizTest.FirstTest"/>
  <testcase name="userProfile" time="0.933" classname="VizTest.FirstTest"/>
  <testcase name="editUser" time="3.296" classname="VizTest.FirstTest">
    <failure type="java.lang.AssertionError" message="expected [Jon] but found [JonJon]">
      <![CDATA[java.lang.AssertionError: expected [Jon] but found [JonJon]
at VizTest.FirstTest.editUser(FirstTest.java:162)
at java.util.ArrayList.forEach(Unknown Source)
... Removed 32 stack frames]]>
    </failure>
  </testcase> <!-- editUser -->
  <testcase name="logoutUser" time="0.397" classname="VizTest.FirstTest"/>
</testsuite> <!-- chromeTest -->
