<?xml version="1.0" encoding="UTF-8"?>
<!-- Generated by org.testng.reporters.JUnitXMLReporter -->
<testsuite hostname="DESKTOP-PFPCE4U" ignored="0" name="operaTest" tests="6" failures="1" timestamp="2020-08-11T14:55:07 IST" time="47.156" errors="0">
  <testcase name="checkUrl" time="0.013" classname="VizTest.FirstTest"/>
  <testcase name="clientLogin" time="12.666" classname="VizTest.FirstTest"/>
  <testcase name="clickViz" time="0.113" classname="VizTest.FirstTest"/>
  <testcase name="userProfile" time="1.333" classname="VizTest.FirstTest"/>
  <testcase name="editUser" time="3.593" classname="VizTest.FirstTest">
    <failure type="java.lang.AssertionError" message="expected [Jon] but found [JonJonJon]">
      <![CDATA[java.lang.AssertionError: expected [Jon] but found [JonJonJon]
at VizTest.FirstTest.editUser(FirstTest.java:162)
at java.util.ArrayList.forEach(Unknown Source)
... Removed 32 stack frames]]>
    </failure>
  </testcase> <!-- editUser -->
  <testcase name="logoutUser" time="0.379" classname="VizTest.FirstTest"/>
</testsuite> <!-- operaTest -->
